<?xml version="1.0" encoding="UTF-8"?>
<!-- Generated by org.testng.reporters.JUnitXMLReporter -->
<testsuite hostname="DESKTOP-9P1MDVM" ignored="0" name="Test" tests="1" failures="1" timestamp="21 Oct 2020 17:20:10 GMT" time="28.6" errors="0">
  <testcase name="test1" time="0.051" classname="generics.TC1">
    <failure type="java.lang.AssertionError" message="null">
      <![CDATA[java.lang.AssertionError: null
at generics.TC1.test1(TC1.java:12)
... Removed 27 stack frames]]>
    </failure>
  </testcase> <!-- test1 -->
</testsuite> <!-- Test -->
